[    0.000000] Linux version 4.15.0-212-generic (buildd@lcy02-amd64-083) (gcc version 7.5.0 (Ubuntu 7.5.0-3ubuntu1~18.04)) #223-Ubuntu SMP Tue May 23 13:09:22 UTC 2023 (Ubuntu 4.15.0-212.223-generic 4.15.18)
[    0.000000] Command line: BOOT_IMAGE=/boot/vmlinuz-4.15.0-212-generic root=LABEL=cloudimg-rootfs ro console=tty1 console=ttyS0
[    0.000000] KERNEL supported cpus:
[    0.000000]   Intel GenuineIntel
[    0.000000]   AMD AuthenticAMD
[    0.000000]   Centaur CentaurHauls
[    0.000000] x86/fpu: Supporting XSAVE feature 0x001: 'x87 floating point registers'
[    0.000000] x86/fpu: Supporting XSAVE feature 0x002: 'SSE registers'
[    0.000000] x86/fpu: Supporting XSAVE feature 0x004: 'AVX registers'
[    0.000000] x86/fpu: xstate_offset[2]:  576, xstate_sizes[2]:  256
[    0.000000] x86/fpu: Enabled xstate features 0x7, context size is 832 bytes, using 'standard' format.
[    0.000000] e820: BIOS-provided physical RAM map:
[    0.000000] BIOS-e820: [mem 0x0000000000000000-0x000000000009fbff] usable
[    0.000000] BIOS-e820: [mem 0x000000000009fc00-0x000000000009ffff] reserved
[    0.000000] BIOS-e820: [mem 0x00000000000f0000-0x00000000000fffff] reserved
[    0.000000] BIOS-e820: [mem 0x0000000000100000-0x000000003ffeffff] usable
[    0.000000] BIOS-e820: [mem 0x000000003fff0000-0x000000003fffffff] ACPI data
[    0.000000] BIOS-e820: [mem 0x00000000fec00000-0x00000000fec00fff] reserved
[    0.000000] BIOS-e820: [mem 0x00000000fee00000-0x00000000fee00fff] reserved
[    0.000000] BIOS-e820: [mem 0x00000000fffc0000-0x00000000ffffffff] reserved
[    0.000000] NX (Execute Disable) protection: active
[    0.000000] SMBIOS 2.5 present.
[    0.000000] DMI: innotek GmbH VirtualBox/VirtualBox, BIOS VirtualBox 12/01/2006
[    0.000000] Hypervisor detected: KVM
[    0.000000] e820: last_pfn = 0x3fff0 max_arch_pfn = 0x400000000
[    0.000000] MTRR: Disabled
[    0.000000] x86/PAT: MTRRs disabled, skipping PAT initialization too.
[    0.000000] CPU MTRRs all blank - virtualized system.
[    0.000000] x86/PAT: Configuration [0-7]: WB  WT  UC- UC  WB  WT  UC- UC  
[    0.000000] found SMP MP-table at [mem 0x0009fff0-0x0009ffff]
[    0.000000] Scanning 1 areas for low memory corruption
[    0.000000] RAMDISK: [mem 0x359cb000-0x36cdcfff]
[    0.000000] ACPI: Early table checksum verification disabled
[    0.000000] ACPI: RSDP 0x00000000000E0000 000024 (v02 VBOX  )
[    0.000000] ACPI: XSDT 0x000000003FFF0030 00003C (v01 VBOX   VBOXXSDT 00000001 ASL  00000061)
[    0.000000] ACPI: FACP 0x000000003FFF00F0 0000F4 (v04 VBOX   VBOXFACP 00000001 ASL  00000061)
[    0.000000] ACPI: DSDT 0x000000003FFF0470 002325 (v02 VBOX   VBOXBIOS 00000002 INTL 20200925)
[    0.000000] ACPI: FACS 0x000000003FFF0200 000040
[    0.000000] ACPI: FACS 0x000000003FFF0200 000040
[    0.000000] ACPI: APIC 0x000000003FFF0240 00005C (v02 VBOX   VBOXAPIC 00000001 ASL  00000061)
[    0.000000] ACPI: SSDT 0x000000003FFF02A0 0001CC (v01 VBOX   VBOXCPUT 00000002 INTL 20200925)
[    0.000000] ACPI: Reserving FACP table memory at [mem 0x3fff00f0-0x3fff01e3]
[    0.000000] ACPI: Reserving DSDT table memory at [mem 0x3fff0470-0x3fff2794]
[    0.000000] ACPI: Reserving FACS table memory at [mem 0x3fff0200-0x3fff023f]
[    0.000000] ACPI: Reserving FACS table memory at [mem 0x3fff0200-0x3fff023f]
[    0.000000] ACPI: Reserving APIC table memory at [mem 0x3fff0240-0x3fff029b]
[    0.000000] ACPI: Reserving SSDT table memory at [mem 0x3fff02a0-0x3fff046b]
[    0.000000] No NUMA configuration found
[    0.000000] Faking a node at [mem 0x0000000000000000-0x000000003ffeffff]
[    0.000000] NODE_DATA(0) allocated [mem 0x3ffc5000-0x3ffeffff]
[    0.000000] kvm-clock: cpu 0, msr 0:3ff44001, primary cpu clock
[    0.000000] kvm-clock: Using msrs 4b564d01 and 4b564d00
[    0.000000] kvm-clock: using sched offset of 5100652276 cycles
[    0.000000] clocksource: kvm-clock: mask: 0xffffffffffffffff max_cycles: 0x1cd42e4dffb, max_idle_ns: 881590591483 ns
[    0.000000] Zone ranges:
[    0.000000]   DMA      [mem 0x0000000000001000-0x0000000000ffffff]
[    0.000000]   DMA32    [mem 0x0000000001000000-0x000000003ffeffff]
[    0.000000]   Normal   empty
[    0.000000]   Device   empty
[    0.000000] Movable zone start for each node
[    0.000000] Early memory node ranges
[    0.000000]   node   0: [mem 0x0000000000001000-0x000000000009efff]
[    0.000000]   node   0: [mem 0x0000000000100000-0x000000003ffeffff]
[    0.000000] Reserved but unavailable: 104 pages
[    0.000000] Initmem setup node 0 [mem 0x0000000000001000-0x000000003ffeffff]
[    0.000000] ACPI: PM-Timer IO Port: 0x4008
[    0.000000] IOAPIC[0]: apic_id 2, version 32, address 0xfec00000, GSI 0-23
[    0.000000] ACPI: INT_SRC_OVR (bus 0 bus_irq 0 global_irq 2 dfl dfl)
[    0.000000] ACPI: INT_SRC_OVR (bus 0 bus_irq 9 global_irq 9 low level)
[    0.000000] Using ACPI (MADT) for SMP configuration information
[    0.000000] smpboot: Allowing 2 CPUs, 0 hotplug CPUs
[    0.000000] PM: Registered nosave memory: [mem 0x00000000-0x00000fff]
[    0.000000] PM: Registered nosave memory: [mem 0x0009f000-0x0009ffff]
[    0.000000] PM: Registered nosave memory: [mem 0x000a0000-0x000effff]
[    0.000000] PM: Registered nosave memory: [mem 0x000f0000-0x000fffff]
[    0.000000] e820: [mem 0x40000000-0xfebfffff] available for PCI devices
[    0.000000] Booting paravirtualized kernel on KVM
[    0.000000] clocksource: refined-jiffies: mask: 0xffffffff max_cycles: 0xffffffff, max_idle_ns: 7645519600211568 ns
[    0.000000] setup_percpu: NR_CPUS:8192 nr_cpumask_bits:2 nr_cpu_ids:2 nr_node_ids:1
[    0.000000] percpu: Embedded 50 pages/cpu s167936 r8192 d28672 u1048576
[    0.000000] PV qspinlock hash table entries: 256 (order: 0, 4096 bytes)
[    0.000000] Built 1 zonelists, mobility grouping on.  Total pages: 257913
[    0.000000] Policy zone: DMA32
[    0.000000] Kernel command line: BOOT_IMAGE=/boot/vmlinuz-4.15.0-212-generic root=LABEL=cloudimg-rootfs ro console=tty1 console=ttyS0
[    0.000000] Memory: 982644K/1048120K available (12300K kernel code, 2477K rwdata, 4324K rodata, 2480K init, 2720K bss, 65476K reserved, 0K cma-reserved)
[    0.000000] SLUB: HWalign=64, Order=0-3, MinObjects=0, CPUs=2, Nodes=1
[    0.000000] Kernel/User page tables isolation: enabled
[    0.000000] ftrace: allocating 39508 entries in 155 pages
[    0.004000] Hierarchical RCU implementation.
[    0.004000] 	RCU restricting CPUs from NR_CPUS=8192 to nr_cpu_ids=2.
[    0.004000] 	Tasks RCU enabled.
[    0.004000] RCU: Adjusting geometry for rcu_fanout_leaf=16, nr_cpu_ids=2
[    0.004000] NR_IRQS: 524544, nr_irqs: 440, preallocated irqs: 16
[    0.004000] random: crng init done
[    0.004000] Console: colour VGA+ 80x25
[    0.004000] console [tty1] enabled
[    0.004000] console [ttyS0] enabled
[    0.004000] ACPI: Core revision 20170831
[    0.004000] ACPI: 2 ACPI AML tables successfully acquired and loaded
[    0.004000] APIC: Switch to symmetric I/O mode setup
[    0.004000] x2apic enabled
[    0.004000] Switched APIC routing to physical x2apic.
[    0.004000] ..TIMER: vector=0x30 apic1=0 pin1=2 apic2=-1 pin2=-1
[    0.004005] tsc: Detected 3191.970 MHz processor
[    0.004900] Calibrating delay loop (skipped) preset value.. 6383.94 BogoMIPS (lpj=12767880)
[    0.005815] pid_max: default: 32768 minimum: 301
[    0.008033] Security Framework initialized
[    0.009090] Yama: becoming mindful.
[    0.009692] AppArmor: AppArmor initialized
[    0.010994] Dentry cache hash table entries: 131072 (order: 8, 1048576 bytes)
[    0.012044] Inode-cache hash table entries: 65536 (order: 7, 524288 bytes)
[    0.013099] Mount-cache hash table entries: 2048 (order: 2, 16384 bytes)
[    0.014134] Mountpoint-cache hash table entries: 2048 (order: 2, 16384 bytes)
[    0.015444] Last level iTLB entries: 4KB 64, 2MB 8, 4MB 8
[    0.016002] Last level dTLB entries: 4KB 64, 2MB 0, 4MB 0, 1GB 4
[    0.016924] Spectre V1 : Mitigation: usercopy/swapgs barriers and __user pointer sanitization
[    0.018186] Spectre V2 : Mitigation: Retpolines
[    0.018913] Spectre V2 : Spectre v2 / SpectreRSB mitigation: Filling RSB on context switch
[    0.020002] Spectre V2 : Spectre v2 / SpectreRSB : Filling RSB on VMEXIT
[    0.021055] RETBleed: WARNING: Spectre v2 mitigation leaves CPU vulnerable to RETBleed attacks, data leaks possible!
[    0.022587] RETBleed: Vulnerable
[    0.024001] Speculative Store Bypass: Vulnerable
[    0.024784] MDS: Mitigation: Clear CPU buffers
[    0.025578] MMIO Stale Data: Mitigation: Clear CPU buffers
[    0.026394] SRBDS: Unknown: Dependent on hypervisor status
[    0.027376] Freeing SMP alternatives memory: 36K
[    0.138274] smpboot: CPU0: Intel(R) Core(TM) i7-8700 CPU @ 3.20GHz (family: 0x6, model: 0x9e, stepping: 0xa)
[    0.139813] Performance Events: unsupported p6 CPU model 158 no PMU driver, software events only.
[    0.140000] Hierarchical SRCU implementation.
[    0.140000] NMI watchdog: Perf event create on CPU 0 failed with -2
[    0.140001] NMI watchdog: Perf NMI watchdog permanently disabled
[    0.140937] smp: Bringing up secondary CPUs ...
[    0.141723] x86: Booting SMP configuration:
[    0.142391] .... node  #0, CPUs:      #1
[    0.004000] kvm-clock: cpu 1, msr 0:3ff44041, secondary cpu clock
[    0.146786] smp: Brought up 1 node, 2 CPUs
[    0.146786] smpboot: Max logical packages: 1
[    0.148003] smpboot: Total of 2 processors activated (12767.88 BogoMIPS)
[    0.149078] devtmpfs: initialized
[    0.149078] x86/mm: Memory block size: 128MB
[    0.149418] evm: security.selinux
[    0.150052] evm: security.SMACK64
[    0.152002] evm: security.SMACK64EXEC
[    0.152609] evm: security.SMACK64TRANSMUTE
[    0.153259] evm: security.SMACK64MMAP
[    0.153856] evm: security.apparmor
[    0.154421] evm: security.ima
[    0.154958] evm: security.capability
[    0.155572] clocksource: jiffies: mask: 0xffffffff max_cycles: 0xffffffff, max_idle_ns: 7645041785100000 ns
[    0.156005] futex hash table entries: 512 (order: 3, 32768 bytes)
[    0.156949] pinctrl core: initialized pinctrl subsystem
[    0.158380] RTC time: 14:08:14, date: 08/07/24
[    0.160131] NET: Registered protocol family 16
[    0.160908] audit: initializing netlink subsys (disabled)
[    0.161737] audit: type=2000 audit(1723039700.887:1): state=initialized audit_enabled=0 res=1
[    0.161737] cpuidle: using governor ladder
[    0.164005] cpuidle: using governor menu
[    0.164678] ACPI: bus type PCI registered
[    0.165332] acpiphp: ACPI Hot Plug PCI Controller Driver version: 0.5
[    0.166330] PCI: Using configuration type 1 for base access
[    0.168557] HugeTLB registered 2.00 MiB page size, pre-allocated 0 pages
[    0.169068] ACPI: Added _OSI(Module Device)
[    0.169068] ACPI: Added _OSI(Processor Device)
[    0.169427] ACPI: Added _OSI(3.0 _SCP Extensions)
[    0.172002] ACPI: Added _OSI(Processor Aggregator Device)
[    0.172828] ACPI: Added _OSI(Linux-Dell-Video)
[    0.173703] ACPI: Added _OSI(Linux-Lenovo-NV-HDMI-Audio)
[    0.174506] ACPI: Added _OSI(Linux-HPI-Hybrid-Graphics)
[    0.175541] ACPI: Executed 1 blocks of module-level executable AML code
[    0.179261] ACPI: Interpreter enabled
[    0.180010] ACPI: (supports S0 S5)
[    0.180548] ACPI: Using IOAPIC for interrupt routing
[    0.181509] PCI: Using host bridge windows from ACPI; if necessary, use "pci=nocrs" and report a bug
[    0.184092] ACPI: Enabled 2 GPEs in block 00 to 07
[    0.190076] ACPI: PCI Root Bridge [PCI0] (domain 0000 [bus 00-ff])
[    0.191025] acpi PNP0A03:00: _OSC: OS supports [ASPM ClockPM Segments MSI]
[    0.192415] acpi PNP0A03:00: _OSC: not requesting OS control; OS requires [ExtendedConfig ASPM ClockPM MSI]
[    0.193849] acpi PNP0A03:00: fail to add MMCONFIG information, can't access extended PCI configuration space under this bridge.
[    0.195823] PCI host bridge to bus 0000:00
[    0.196003] pci_bus 0000:00: root bus resource [io  0x0000-0x0cf7 window]
[    0.196992] pci_bus 0000:00: root bus resource [io  0x0d00-0xffff window]
[    0.198014] pci_bus 0000:00: root bus resource [mem 0x000a0000-0x000bffff window]
[    0.200002] pci_bus 0000:00: root bus resource [mem 0x40000000-0xfdffffff window]
[    0.201181] pci_bus 0000:00: root bus resource [bus 00-ff]
[    0.204129] pci 0000:00:01.1: legacy IDE quirk: reg 0x10: [io  0x01f0-0x01f7]
[    0.205173] pci 0000:00:01.1: legacy IDE quirk: reg 0x14: [io  0x03f6]
[    0.206128] pci 0000:00:01.1: legacy IDE quirk: reg 0x18: [io  0x0170-0x0177]
[    0.207238] pci 0000:00:01.1: legacy IDE quirk: reg 0x1c: [io  0x0376]
[    0.217008] pci 0000:00:07.0: quirk: [io  0x4000-0x403f] claimed by PIIX4 ACPI
[    0.218195] pci 0000:00:07.0: quirk: [io  0x4100-0x410f] claimed by PIIX4 SMB
[    0.222878] ACPI: PCI Interrupt Link [LNKA] (IRQs 5 9 10 *11)
[    0.224303] ACPI: PCI Interrupt Link [LNKB] (IRQs 5 9 *10 11)
[    0.226239] ACPI: PCI Interrupt Link [LNKC] (IRQs 5 *9 10 11)
[    0.228000] ACPI: PCI Interrupt Link [LNKD] (IRQs 5 9 10 *11)
[    0.228306] SCSI subsystem initialized
[    0.228966] pci 0000:00:02.0: vgaarb: setting as boot VGA device
[    0.228966] pci 0000:00:02.0: vgaarb: VGA device added: decodes=io+mem,owns=io+mem,locks=none
[    0.232006] pci 0000:00:02.0: vgaarb: bridge control possible
[    0.232868] vgaarb: loaded
[    0.233379] ACPI: bus type USB registered
[    0.234079] usbcore: registered new interface driver usbfs
[    0.234899] usbcore: registered new interface driver hub
[    0.236011] usbcore: registered new device driver usb
[    0.236830] EDAC MC: Ver: 3.0.0
[    0.236830] PCI: Using ACPI for IRQ routing
[    0.236855] NetLabel: Initializing
[    0.237431] NetLabel:  domain hash size = 128
[    0.240005] NetLabel:  protocols = UNLABELED CIPSOv4 CALIPSO
[    0.240883] NetLabel:  unlabeled traffic allowed by default
[    0.241757] clocksource: Switched to clocksource kvm-clock
[    0.249661] VFS: Disk quotas dquot_6.6.0
[    0.250363] VFS: Dquot-cache hash table entries: 512 (order 0, 4096 bytes)
[    0.251434] AppArmor: AppArmor Filesystem Enabled
[    0.252206] pnp: PnP ACPI init
[    0.253576] pnp: PnP ACPI: found 3 devices
[    0.261345] clocksource: acpi_pm: mask: 0xffffff max_cycles: 0xffffff, max_idle_ns: 2085701024 ns
[    0.262722] NET: Registered protocol family 2
[    0.263461] IP idents hash table entries: 16384 (order: 5, 131072 bytes)
[    0.265223] TCP established hash table entries: 8192 (order: 4, 65536 bytes)
[    0.266344] TCP bind hash table entries: 8192 (order: 5, 131072 bytes)
[    0.267302] TCP: Hash tables configured (established 8192 bind 8192)
[    0.268369] UDP hash table entries: 512 (order: 2, 16384 bytes)
[    0.269246] UDP-Lite hash table entries: 512 (order: 2, 16384 bytes)
[    0.270209] NET: Registered protocol family 1
[    0.270900] pci 0000:00:00.0: Limiting direct PCI/PCI transfers
[    0.271794] pci 0000:00:01.0: Activating ISA DMA hang workarounds
[    0.272914] pci 0000:00:02.0: Video device with shadowed ROM at [mem 0x000c0000-0x000dffff]
[    0.274221] Unpacking initramfs...
[    0.477721] Freeing initrd memory: 19528K
[    0.478489] clocksource: tsc: mask: 0xffffffffffffffff max_cycles: 0x2e02a8b8573, max_idle_ns: 440795302298 ns
[    0.480009] platform rtc_cmos: registered platform RTC device (no PNP device found)
[    0.481208] Scanning for low memory corruption every 60 seconds
[    0.482580] Initialise system trusted keyrings
[    0.483254] Key type blacklist registered
[    0.483953] workingset: timestamp_bits=36 max_order=18 bucket_order=0
[    0.485693] zbud: loaded
[    0.486524] squashfs: version 4.0 (2009/01/31) Phillip Lougher
[    0.487528] fuse init (API version 7.26)
[    0.489406] Key type asymmetric registered
[    0.490041] Asymmetric key parser 'x509' registered
[    0.490782] Block layer SCSI generic (bsg) driver version 0.4 loaded (major 246)
[    0.491933] io scheduler noop registered
[    0.492565] io scheduler deadline registered
[    0.493255] io scheduler cfq registered (default)
[    0.494223] ACPI: AC Adapter [AC] (on-line)
[    0.495990] input: Power Button as /devices/LNXSYSTM:00/LNXPWRBN:00/input/input0
[    0.498348] ACPI: Power Button [PWRF]
[    0.498995] input: Sleep Button as /devices/LNXSYSTM:00/LNXSLPBN:00/input/input1
[    0.500127] ACPI: Sleep Button [SLPF]
[    0.501015] Serial: 8250/16550 driver, 32 ports, IRQ sharing enabled
[    0.522537] 00:02: ttyS0 at I/O 0x3f8 (irq = 4, base_baud = 115200) is a 16550A
[    0.525425] Linux agpgart interface v0.103
[    0.527765] loop: module loaded
[    0.528701] scsi host0: ata_piix
[    0.529509] scsi host1: ata_piix
[    0.530181] ata1: PATA max UDMA/33 cmd 0x1f0 ctl 0x3f6 bmdma 0xd000 irq 14
[    0.531183] ata2: PATA max UDMA/33 cmd 0x170 ctl 0x376 bmdma 0xd008 irq 15
[    0.532250] tun: Universal TUN/TAP device driver, 1.6
[    0.533228] PPP generic driver version 2.4.2
[    0.533933] ehci_hcd: USB 2.0 'Enhanced' Host Controller (EHCI) Driver
[    0.534866] ehci-pci: EHCI PCI platform driver
[    0.535545] ehci-platform: EHCI generic platform driver
[    0.536316] ohci_hcd: USB 1.1 'Open' Host Controller (OHCI) Driver
[    0.537209] ohci-pci: OHCI PCI platform driver
[    0.537888] ohci-platform: OHCI generic platform driver
[    0.538652] uhci_hcd: USB Universal Host Controller Interface driver
[    0.539621] i8042: PNP: PS/2 Controller [PNP0303:PS2K,PNP0f03:PS2M] at 0x60,0x64 irq 1,12
[    0.541286] serio: i8042 KBD port at 0x60,0x64 irq 1
[    0.542077] serio: i8042 AUX port at 0x60,0x64 irq 12
[    0.542932] mousedev: PS/2 mouse device common for all mice
[    0.544303] input: AT Translated Set 2 keyboard as /devices/platform/i8042/serio0/input/input2
[    0.545607] rtc_cmos rtc_cmos: rtc core: registered rtc_cmos as rtc0
[    0.546711] rtc_cmos rtc_cmos: alarms up to one day, 114 bytes nvram
[    0.547657] i2c /dev entries driver
[    0.548286] device-mapper: uevent: version 1.0.3
[    0.549108] device-mapper: ioctl: 4.37.0-ioctl (2017-09-20) initialised: dm-devel@redhat.com
[    0.550629] ledtrig-cpu: registered to indicate activity on CPUs
[    0.551782] NET: Registered protocol family 10
[    0.555227] Segment Routing with IPv6
[    0.555857] NET: Registered protocol family 17
[    0.556562] Key type dns_resolver registered
[    0.557371] mce: Using 0 MCE banks
[    0.557923] RAS: Correctable Errors collector initialized.
[    0.558731] sched_clock: Marking stable (557346818, 0)->(725219673, -167872855)
[    0.560211] registered taskstats version 1
[    0.560848] Loading compiled-in X.509 certificates
[    0.563117] Loaded X.509 cert 'Build time autogenerated kernel key: b5b26778eaa3ab3a4a6cee031137706e947d12ad'
[    0.564963] Loaded X.509 cert 'Canonical Ltd. Live Patch Signing: 14df34d1a87cf37625abec039ef2bf521249b969'
[    0.566877] Loaded X.509 cert 'Canonical Ltd. Kernel Module Signing: 88f752e560a1e0737e31163a466ad7b70a850c19'
[    0.568308] blacklist: Loading compiled-in revocation X.509 certificates
[    0.569262] Loaded X.509 cert 'Canonical Ltd. Secure Boot Signing: 61482aa2830d0ab2ad5af10b7250da9033ddcef0'
[    0.570663] Loaded X.509 cert 'Canonical Ltd. Secure Boot Signing (2017): 242ade75ac4a15e50d50c84b0d45ff3eae707a03'
[    0.572137] Loaded X.509 cert 'Canonical Ltd. Secure Boot Signing (ESM 2018): 365188c1d374d6b07c3c8f240f8ef722433d6a8b'
[    0.573644] Loaded X.509 cert 'Canonical Ltd. Secure Boot Signing (2019): c0746fd6c5da3ae827864651ad66ae47fe24b3e8'
[    0.575250] Loaded X.509 cert 'Canonical Ltd. Secure Boot Signing (2021 v1): a8d54bbb3825cfb94fa13c9f8a594a195c107b8d'
[    0.576798] Loaded X.509 cert 'Canonical Ltd. Secure Boot Signing (2021 v2): 4cf046892d6fd3c9a5b03f98d845f90851dc6a8c'
[    0.578305] Loaded X.509 cert 'Canonical Ltd. Secure Boot Signing (2021 v3): 100437bb6de6e469b581e61cd66bce3ef4ed53af'
[    0.579818] Loaded X.509 cert 'Canonical Ltd. Secure Boot Signing (Ubuntu Core 2019): c1d57b8f6b743f23ee41f4f7ee292f06eecadfb9'
[    0.581462] zswap: loaded using pool lzo/zbud
[    0.584694] Key type big_key registered
[    0.585302] Key type trusted registered
[    0.587563] Key type encrypted registered
[    0.588231] AppArmor: AppArmor sha1 policy hashing enabled
[    0.589067] ima: No TPM chip found, activating TPM-bypass! (rc=-19)
[    0.589995] ima: Allocated hash algorithm: sha1
[    0.590684] evm: HMAC attrs: 0x1
[    0.591386]   Magic number: 4:88:131
[    0.592078] rtc_cmos rtc_cmos: setting system clock to 2024-08-07 14:08:14 UTC (1723039694)
[    0.593605] BIOS EDD facility v0.16 2004-Jun-25, 0 devices found
[    0.594488] EDD information not available.
[    0.730546] Freeing unused kernel image memory: 2480K
[    0.744253] Write protecting the kernel read-only data: 20480k
[    0.749987] Freeing unused kernel image memory: 2008K
[    0.754766] Freeing unused kernel image memory: 1820K
[    0.781794] x86/mm: Checked W+X mappings: passed, no W+X pages found.
[    0.783898] x86/mm: Checking user space page tables
[    0.795822] x86/mm: Checked W+X mappings: passed, no W+X pages found.
Loading, please wait...
starting version 237
[    0.855613] e1000: Intel(R) PRO/1000 Network Driver - version 7.3.21-k8-NAPI
[    0.857019] e1000: Copyright (c) 1999-2006 Intel Corporation.
[    0.861134] Fusion MPT base driver 3.04.20
[    0.861961] Copyright (c) 1999-2008 LSI Corporation
[    0.866949] Fusion MPT SPI Host driver 3.04.20
[    0.874276] AVX2 version of gcm_enc/dec engaged.
[    0.875210] AES CTR mode by8 optimization enabled
[    1.065524] input: ImExPS/2 Generic Explorer Mouse as /devices/platform/i8042/serio1/input/input4
[    1.241219] e1000 0000:00:03.0 eth0: (PCI:33MHz:32-bit) 02:3b:7b:b7:3b:2d
[    1.242848] e1000 0000:00:03.0 eth0: Intel(R) PRO/1000 Network Connection
[    1.245070] mptbase: ioc0: Initiating bringup
[    1.246378] e1000 0000:00:03.0 enp0s3: renamed from eth0
[    1.345374] ioc0: LSI53C1030 A0: Capabilities={Initiator}
[    1.595174] scsi host2: ioc0: LSI53C1030 A0, FwRev=00000000h, Ports=1, MaxQ=256, IRQ=20
[    1.765414] scsi 2:0:0:0: Direct-Access     VBOX     HARDDISK         1.0  PQ: 0 ANSI: 5
[    1.800268] scsi target2:0:0: Beginning Domain Validation
[    1.812660] scsi target2:0:0: Domain Validation skipping write tests
[    1.818430] scsi target2:0:0: Ending Domain Validation
[    1.823282] scsi target2:0:0: asynchronous
[    1.827752] scsi 2:0:1:0: Direct-Access     VBOX     HARDDISK         1.0  PQ: 0 ANSI: 5
[    1.864290] scsi target2:0:1: Beginning Domain Validation
[    1.871848] scsi target2:0:1: Domain Validation skipping write tests
[    1.875869] scsi target2:0:1: Ending Domain Validation
[    1.879434] scsi target2:0:1: asynchronous
[    1.889708] sd 2:0:0:0: Attached scsi generic sg0 type 0
[    1.890052] sd 2:0:0:0: [sda] 83886080 512-byte logical blocks: (42.9 GB/40.0 GiB)
[    1.895186] sd 2:0:1:0: Attached scsi generic sg1 type 0
[    1.895658] sd 2:0:0:0: [sda] Write Protect is off
[    1.898582] sd 2:0:1:0: [sdb] 20480 512-byte logical blocks: (10.5 MB/10.0 MiB)
[    1.898741] sd 2:0:0:0: [sda] Incomplete mode parameter data
[    1.902036] sd 2:0:0:0: [sda] Assuming drive cache: write through
[    1.902057] sd 2:0:1:0: [sdb] Write Protect is off
[    1.905019] sd 2:0:1:0: [sdb] Incomplete mode parameter data
[    1.906247] sd 2:0:1:0: [sdb] Assuming drive cache: write through
[    1.926714]  sda: sda1
[    1.927904] sd 2:0:0:0: [sda] Attached SCSI disk
[    2.027297] sd 2:0:1:0: [sdb] Attached SCSI disk
Begin: Loading essential drivers ... [    3.596072] raid6: sse2x1   gen() 14308 MB/s
[    3.644073] raid6: sse2x1   xor()  9433 MB/s
[    3.692070] raid6: sse2x2   gen() 17811 MB/s
[    3.740071] raid6: sse2x2   xor() 11886 MB/s
[    3.788071] raid6: sse2x4   gen() 20339 MB/s
[    3.836072] raid6: sse2x4   xor() 12781 MB/s
[    3.884070] raid6: avx2x1   gen() 28559 MB/s
[    3.932068] raid6: avx2x1   xor() 20126 MB/s
[    3.980071] raid6: avx2x2   gen() 33868 MB/s
[    4.028074] raid6: avx2x2   xor() 22087 MB/s
[    4.076051] raid6: avx2x4   gen() 30171 MB/s
[    4.124076] raid6: avx2x4   xor() 24002 MB/s
[    4.124826] raid6: using algorithm avx2x2 gen() 33868 MB/s
[    4.125697] raid6: .... xor() 22087 MB/s, rmw enabled
[    4.126576] raid6: using avx2x2 recovery algorithm
[    4.128588] xor: automatically using best checksumming function   avx       
[    4.130495] async_tx: api initialized (async)
done.
Begin: Running /scripts/init-premount ... done.
Begin: Mounting root file system ... Begin: Running /scripts/local-top ... done.
Begin: Running /scripts/local-premount ... [    4.174767] Btrfs loaded, crc32c=crc32c-intel
Scanning for Btrfs filesystems
done.
Warning: fsck not present, so skipping root file system
[    4.217639] EXT4-fs (sda1): mounted filesystem with ordered data mode. Opts: (null)
done.
Begin: Running /scripts/local-bottom ... done.
Begin: Running /scripts/init-bottom ... done.
[    4.800633] ip_tables: (C) 2000-2006 Netfilter Core Team
[    4.831624] systemd[1]: systemd 237 running in system mode. (+PAM +AUDIT +SELINUX +IMA +APPARMOR +SMACK +SYSVINIT +UTMP +LIBCRYPTSETUP +GCRYPT +GNUTLS +ACL +XZ +LZ4 +SECCOMP +BLKID +ELFUTILS +KMOD -IDN2 +IDN -PCRE2 default-hierarchy=hybrid)
[    4.835503] systemd[1]: Detected virtualization oracle.
[    4.836475] systemd[1]: Detected architecture x86-64.

Welcome to [1mUbuntu 18.04.6 LTS[0m!

[    4.856592] systemd[1]: Set hostname to <ubuntu>.
[    4.880373] systemd[1]: Initializing machine ID from random generator.
[    4.886376] systemd[1]: Installed transient /etc/machine-id file.
[    5.899267] systemd[1]: Created slice User and Session Slice.
[[0;32m  OK  [0m] Created slice User and Session Slice.
[    5.901283] systemd[1]: Created slice System Slice.
[[0;32m  OK  [0m] Created slice System Slice.
[    5.902875] systemd[1]: Listening on Device-mapper event daemon FIFOs.
[[0;32m  OK  [0m] Listening on Device-mapper event daemon FIFOs.
[    6.221160] systemd[1]: Listening on LVM2 metadata daemon socket.
[[0;32m  OK  [0m] Listening on LVM2 metadata daemon socket.
[[0;32m  OK  [0m] Created slice system-serial\x2dgetty.slice.
[[0;32m  OK  [0m] Started Forward Password Requests to Wall Directory Watch.
[[0;32m  OK  [0m] Reached target User and Group Name Lookups.
[[0;32m  OK  [0m] Reached target System Time Synchronized.
[[0;32m  OK  [0m] Listening on LVM2 poll daemon socket.
[[0;32m  OK  [0m] Listening on Journal Audit Socket.
[[0;32m  OK  [0m] Listening on udev Control Socket.
[[0;32m  OK  [0m] Listening on Network Service Netlink Socket.
[[0;32m  OK  [0m] Listening on Journal Socket.
         Starting Monitoring of LVM2 mirrors…ng dmeventd or progress polling...
         Mounting Huge Pages File System...
         Mounting POSIX Message Queue File System...
[[0;32m  OK  [0m] Listening on fsck to fsckd communication Socket.
         Starting Load Kernel Modules...
[[0;32m  OK  [0m] Listening on /dev/initctl Compatibility Named Pipe.
         Mounting Kernel Debug File System...
         Starting Uncomplicated firewall...
[[0;32m  OK  [0m] Listening on Syslog Socket.
         Starting Set the console keyboard layout...
         Starting Create list of required st…ce nodes for the current kernel...
[[0;32m  OK  [0m] Reached target Swap.
[[0;32m  OK  [0m] Reached target Slices.
[[0;32m  OK  [0m] Reached target Mounting snaps.
[[0;32m  OK  [0m] Reached target Mounted snaps.
         Starting File System Check on Root Device...
[[0;32m  OK  [0m] Listening on Journal Socket (/dev/log).
         Starting Journal Service...
[[0;32m  OK  [0m] Set up automount Arbitrary Executab…rmats File System Automount Point.
[    6.383765] Loading iSCSI transport class v2.0-870.
[    6.399944] iscsi: registered transport (tcp)
[[0;32m  OK  [0m] Listening on udev Kernel Socket.
         Starting udev Coldplug all Devices...
[[0;32m  OK  [0m] Mounted Huge Pages File System.
[[0;32m  OK  [0m] Mounted POSIX Message Queue File System.
[[0;32m  OK  [0m] Mounted Kernel Debug File System.
[[0;32m  OK  [0m] Started Uncomplicated firewall.
[[0;32m  OK  [0m] Started Create list of required sta…vice nodes for the current kernel.
[[0;32m  OK  [0m] Started File System Check Daemon to report status.
         Starting Create Static Device Nodes in /dev...
[[0;32m  OK  [0m] Started Journal Service.
[[0;32m  OK  [0m] Started udev Coldplug all Devices.
[    6.735715] iscsi: registered transport (iser)
[[0;32m  OK  [0m] Started Load Kernel Modules.
         Starting Apply Kernel Variables...
         Mounting FUSE Control File System...
         Mounting Kernel Configuration File System...
[[0;32m  OK  [0m] Mounted FUSE Control File System.
[[0;32m  OK  [0m] Mounted Kernel Configuration File System.
[[0;32m  OK  [0m] Started File System Check on Root Device.
         Starting Remount Root and Kernel File Systems...
[[0;32m  OK  [0m] Started Create Static Device Nodes in /dev.
[[0;32m  OK  [0m] Started LVM2 metadata daemon.
[[0;32m  OK  [0m] Started Remount Root and Kernel File Systems.
         Starting Load/Save Random Seed...
         Starting udev Kernel Device Manager...
         Starting Flush Journal to Persistent Storage...
[[0;32m  OK  [0m] Started Monitoring of LVM2 mirrors,…sing dmeventd or progress polling.
[[0;32m  OK  [0m] Started Apply Kernel Variables.
[[0;32m  OK  [0m] Started Load/Save Random Seed.
[[0;32m  OK  [0m] Started udev Kernel Device Manager.
[[0;32m  OK  [0m] Started Flush Journal to Persistent Storage.
[[0;32m  OK  [0m] Found device /dev/ttyS0.
[[0;32m  OK  [0m] Listening on Load/Save RF Kill Switch Status /dev/rfkill Watch.
         Mounting Arbitrary Executable File Formats File System...
[[0;32m  OK  [0m] Mounted Arbitrary Executable File Formats File System.
[[0;32m  OK  [0m] Started Set the console keyboard layout.
[[0;32m  OK  [0m] Started Dispatch Password Requests to Console Directory Watch.
[[0;32m  OK  [0m] Reached target Local Encrypted Volumes.
[[0;32m  OK  [0m] Reached target Local File Systems (Pre).
[[0;32m  OK  [0m] Reached target Local File Systems.
         Starting Tell Plymouth To Write Out Runtime Data...
         Starting Create Volatile Files and Directories...
         Starting Commit a transient machine-id on disk...
         Starting Set console font and keymap...
         Starting AppArmor initialization...
         Starting ebtables ruleset management...
[[0;32m  OK  [0m] Started Tell Plymouth To Write Out Runtime Data.
[[0;32m  OK  [0m] Started Create Volatile Files and Directories.
         Starting Update UTMP about System Boot/Shutdown...
[[0;32m  OK  [0m] Started Update UTMP about System Boot/Shutdown.
[[0;32m  OK  [0m] Started Commit a transient machine-id on disk.
[[0;32m  OK  [0m] Started ebtables ruleset management.
[[0;32m  OK  [0m] Started Set console font and keymap.
[[0;32m  OK  [0m] Started AppArmor initialization.
         Starting Load AppArmor profiles managed internally by snapd...
         Starting Initial cloud-init job (pre-networking)...
[[0;32m  OK  [0m] Started Load AppArmor profiles managed internally by snapd.
[   15.962379] cloud-init[923]: Cloud-init v. 23.1.2-0ubuntu0~18.04.1 running 'init-local' at Wed, 07 Aug 2024 14:08:28 +0000. Up 14.89 seconds.
[[0;32m  OK  [0m] Started Initial cloud-init job (pre-networking).
[[0;32m  OK  [0m] Reached target Network (Pre).
         Starting Network Service...
[[0;32m  OK  [0m] Started Network Service.
         Starting Wait for Network to be Configured...
         Starting Network Name Resolution...
[[0;32m  OK  [0m] Started Network Name Resolution.
[[0;32m  OK  [0m] Reached target Host and Network Name Lookups.
[[0;32m  OK  [0m] Reached target Network.
[[0;32m  OK  [0m] Started Wait for Network to be Configured.
         Starting Initial cloud-init job (metadata service crawler)...
[   18.168205] cloud-init[1057]: Cloud-init v. 23.1.2-0ubuntu0~18.04.1 running 'init' at Wed, 07 Aug 2024 14:08:31 +0000. Up 17.91 seconds.
[   18.169628] cloud-init[1057]: ci-info: ++++++++++++++++++++++++++++++++++++++Net device info++++++++++++++++++++++++++++++++++++++
[   18.180249] cloud-init[1057]: ci-info: +--------+------+----------------------------+---------------+--------+-------------------+
[   18.192211] cloud-init[1057]: ci-info: | Device |  Up  |          Address           |      Mask     | Scope  |     Hw-Address    |
[   18.193422] cloud-init[1057]: ci-info: +--------+------+----------------------------+---------------+--------+-------------------+
[   18.194618] cloud-init[1057]: ci-info: | enp0s3 | True |         10.0.2.15          | 255.255.255.0 | global | 02:3b:7b:b7:3b:2d |
[   18.195568] cloud-init[1057]: ci-info: | enp0s3 | True | fe80::3b:7bff:feb7:3b2d/64 |       .       |  link  | 02:3b:7b:b7:3b:2d |
[   18.196631] cloud-init[1057]: ci-info: |   lo   | True |         127.0.0.1          |   255.0.0.0   |  host  |         .         |
[   18.197928] cloud-init[1057]: ci-info: |   lo   | True |          ::1/128           |       .       |  host  |         .         |
[   18.199059] cloud-init[1057]: ci-info: +--------+------+----------------------------+---------------+--------+-------------------+
[   18.212177] cloud-init[1057]: ci-info: ++++++++++++++++++++++++++++Route IPv4 info+++++++++++++++++++++++++++++
[   18.213419] cloud-init[1057]: ci-info: +-------+-------------+----------+-----------------+-----------+-------+
[   18.214487] cloud-init[1057]: ci-info: | Route | Destination | Gateway  |     Genmask     | Interface | Flags |
[   18.215450] cloud-init[1057]: ci-info: +-------+-------------+----------+-----------------+-----------+-------+
[   18.216402] cloud-init[1057]: ci-info: |   0   |   0.0.0.0   | 10.0.2.2 |     0.0.0.0     |   enp0s3  |   UG  |
[   18.217551] cloud-init[1057]: ci-info: |   1   |   10.0.2.0  | 0.0.0.0  |  255.255.255.0  |   enp0s3  |   U   |
[   18.218723] cloud-init[1057]: ci-info: |   2   |   10.0.2.2  | 0.0.0.0  | 255.255.255.255 |   enp0s3  |   UH  |
[   18.219871] cloud-init[1057]: ci-info: +-------+-------------+----------+-----------------+-----------+-------+
[   18.221011] cloud-init[1057]: ci-info: +++++++++++++++++++Route IPv6 info+++++++++++++++++++
[   18.221906] cloud-init[1057]: ci-info: +-------+-------------+---------+-----------+-------+
[   18.222807] cloud-init[1057]: ci-info: | Route | Destination | Gateway | Interface | Flags |
[   18.223681] cloud-init[1057]: ci-info: +-------+-------------+---------+-----------+-------+
[   18.224545] cloud-init[1057]: ci-info: |   1   |  fe80::/64  |    ::   |   enp0s3  |   U   |
[   18.225479] cloud-init[1057]: ci-info: |   3   |    local    |    ::   |   enp0s3  |   U   |
[   18.226355] cloud-init[1057]: ci-info: |   4   |   ff00::/8  |    ::   |   enp0s3  |   U   |
[   18.227214] cloud-init[1057]: ci-info: +-------+-------------+---------+-----------+-------+
[   23.613502] cloud-init[1057]: Generating public/private rsa key pair.
[   23.614145] cloud-init[1057]: Your identification has been saved in /etc/ssh/ssh_host_rsa_key.
[   23.615133] cloud-init[1057]: Your public key has been saved in /etc/ssh/ssh_host_rsa_key.pub.
[   23.616297] cloud-init[1057]: The key fingerprint is:
[   23.617019] cloud-init[1057]: SHA256:Hwg4Dnj0haMCLFWWWFnw7rkTHG2TW0BL3bFAqUABP7c root@ubuntu-bionic
[   23.618243] cloud-init[1057]: The key's randomart image is:
[   23.618966] cloud-init[1057]: +---[RSA 2048]----+
[   23.619560] cloud-init[1057]: |..o+*O=ooooo..   |
[   23.620144] cloud-init[1057]: |o+.o==....o...   |
[   23.620862] cloud-init[1057]: |+ o.+.=oo+  .    |
[   23.621451] cloud-init[1057]: |...o o.+*o.      |
[   23.622034] cloud-init[1057]: | .  ...oE+.      |
[   23.622622] cloud-init[1057]: |     .o... .     |
[   23.623209] cloud-init[1057]: |      o.  .      |
[   23.623787] cloud-init[1057]: |      ..         |
[   23.624374] cloud-init[1057]: |      ..         |
[   23.624953] cloud-init[1057]: +----[SHA256]-----+
[   23.625529] cloud-init[1057]: Generating public/private dsa key pair.
[   23.636176] cloud-init[1057]: Your identification has been saved in /etc/ssh/ssh_host_dsa_key.
[   23.637202] cloud-init[1057]: Your public key has been saved in /etc/ssh/ssh_host_dsa_key.pub.
[   23.638212] cloud-init[1057]: The key fingerprint is:
[   23.638819] cloud-init[1057]: SHA256:uHy8yHR5f0kzrEvrTVxZ9mqeiyuorHQpXwOo0YIjbUg root@ubuntu-bionic
[   23.639886] cloud-init[1057]: The key's randomart image is:
[   23.640561] cloud-init[1057]: +---[DSA 1024]----+
[   23.641133] cloud-init[1057]: |                 |
[   23.641709] cloud-init[1057]: |                 |
[   23.642287] cloud-init[1057]: | E              o|
[   23.642863] cloud-init[1057]: |.+ . . .       .+|
[   23.643439] cloud-init[1057]: |= = o o S    . .o|
[   23.644009] cloud-init[1057]: |.o + . = .   .=o |
[   23.644594] cloud-init[1057]: |  . o * B.. .o=+ |
[   23.645172] cloud-init[1057]: |   . B =.+.o.Bo. |
[   23.645746] cloud-init[1057]: |    ..*..  oB+=. |
[   23.646335] cloud-init[1057]: +----[SHA256]-----+
[   23.646911] cloud-init[1057]: Generating public/private ecdsa key pair.
[   23.647682] cloud-init[1057]: Your identification has been saved in /etc/ssh/ssh_host_ecdsa_key.
[   23.648782] cloud-init[1057]: Your public key has been saved in /etc/ssh/ssh_host_ecdsa_key.pub.
[   23.649719] cloud-init[1057]: The key fingerprint is:
[   23.650332] cloud-init[1057]: SHA256:/pBd2QtZkbF0HRU1iHbDzCQnbgYG3ExtaaS84GheqVM root@ubuntu-bionic
[   23.651374] cloud-init[1057]: The key's randomart image is:
[   23.652060] cloud-init[1057]: +---[ECDSA 256]---+
[   23.652662] cloud-init[1057]: |      ..=+o+Bo=*X|
[   23.653235] cloud-init[1057]: |       .oo+B+O.+o|
[   23.653805] cloud-init[1057]: |       . o++. +  |
[   23.654390] cloud-init[1057]: |      o o +  =   |
[   23.654959] cloud-init[1057]: |     o ES.  = .  |
[   23.655536] cloud-init[1057]: |    o +. o . . . |
[   23.656133] cloud-init[1057]: |     +  + .   .  |
[   23.656640] cloud-init[1057]: |      .  o       |
[   23.657225] cloud-init[1057]: |          .      |
[   23.657790] cloud-init[1057]: +----[SHA256]-----+
[   23.658352] cloud-init[1057]: Generating public/private ed25519 key pair.
[   23.659138] cloud-init[1057]: Your identification has been saved in /etc/ssh/ssh_host_ed25519_key.
[   23.660186] cloud-init[1057]: Your public key has been saved in /etc/ssh/ssh_host_ed25519_key.pub.
[   23.661181] cloud-init[1057]: The key fingerprint is:
[   23.661714] cloud-init[1057]: SHA256:Rr92IpoEKx8QQQMgSii7BcL04rj7ixqVAa/uyk1JgdA root@ubuntu-bionic
[   23.662552] cloud-init[1057]: The key's randomart image is:
[   23.663087] cloud-init[1057]: +--[ED25519 256]--+
[   23.663557] cloud-init[1057]: |@*+              |
[   23.664081] cloud-init[1057]: |X+Eo             |
[   23.664561] cloud-init[1057]: |+=+o    .        |
[   23.665037] cloud-init[1057]: |+.o+.  . .       |
[   23.665516] cloud-init[1057]: |o++..   S .      |
[   23.665991] cloud-init[1057]: |oo...o .   .     |
[   23.666477] cloud-init[1057]: |o..oo . . + .    |
[   23.666954] cloud-init[1057]: |o+oo o o o o     |
[   23.667459] cloud-init[1057]: |B+oo. o          |
[   23.667980] cloud-init[1057]: +----[SHA256]-----+
[[0;32m  OK  [0m] Started Initial cloud-init job (metadata service crawler).
[[0;32m  OK  [0m] Reached target Cloud-config availability.
[[0;32m  OK  [0m] Reached target Network is Online.
[[0;32m  OK  [0m] Reached target Remote File Systems (Pre).
[[0;32m  OK  [0m] Reached target Remote File Systems.
         Starting Availability of block devices...
[[0;32m  OK  [0m] Reached target System Initialization.
[[0;32m  OK  [0m] Started ACPI Events Check.
[[0;32m  OK  [0m] Started Daily apt download activities.
[[0;32m  OK  [0m] Started Daily apt upgrade and clean activities.
[[0;32m  OK  [0m] Listening on UUID daemon activation socket.
[[0;32m  OK  [0m] Started Discard unused blocks once a week.
         Starting LXD - unix socket.
[[0;32m  OK  [0m] Listening on ACPID Listen Socket.
[[0;32m  OK  [0m] Reached target Paths.
[[0;32m  OK  [0m] Started Message of the Day.
[[0;32m  OK  [0m] Listening on D-Bus System Message Bus Socket.
[[0;32m  OK  [0m] Listening on cloud-init hotplug hook socket.
[[0;32m  OK  [0m] Listening on Open-iSCSI iscsid Socket.
[[0;32m  OK  [0m] Started Daily Cleanup of Temporary Directories.
         Starting Socket activation for snappy daemon.
[[0;32m  OK  [0m] Started Ubuntu Advantage Timer for running repeated jobs.
[[0;32m  OK  [0m] Reached target Timers.
[[0;32m  OK  [0m] Listening on LXD - unix socket.
[[0;32m  OK  [0m] Listening on Socket activation for snappy daemon.
[[0;32m  OK  [0m] Reached target Sockets.
[[0;32m  OK  [0m] Reached target Basic System.
         Starting LSB: Record successful boot for GRUB...
         Starting Pollinate to seed the pseudo random number generator...
[[0;32m  OK  [0m] Reached target Login Prompts (Pre).
[[0;32m  OK  [0m] Started D-Bus System Message Bus.
         Starting Permit User Sessions...
         Starting Login Service...
         Starting LSB: automatic crash report generation...
[[0;32m  OK  [0m] Started Deferred execution scheduler.
         Starting Accounts Service...
[[0;32m  OK  [0m] Started irqbalance daemon.
         Starting Dispatcher daemon for systemd-networkd...
         Starting Virtualbox guest utils...
         Starting Snap Daemon...
[[0;32m  OK  [0m] Started FUSE filesystem for LXC.
[[0;32m  OK  [0m] Started Regular background program processing daemon.
         Starting System Logging Service...
         Starting LXD - container startup/shutdown...
[[0;32m  OK  [0m] Started Availability of block devices.
[[0;32m  OK  [0m] Started Permit User Sessions.
[[0;32m  OK  [0m] Started Login Service.
[[0;32m  OK  [0m] Started LSB: automatic crash report generation.
         Starting Authorization Manager...
[[0;32m  OK  [0m] Started Unattended Upgrades Shutdown.
         Starting Hold until boot process finishes up...
         Starting Terminate Plymouth Boot Screen...
[[0;32m  OK  [0m] Started Hold until boot process finishes up.
[[0;32m  OK  [0m] Started Serial Getty on ttyS0.
         Starting Set console scheme...
[[0;32m  OK  [0m] Started Terminate Plymouth Boot Screen.
[[0;32m  OK  [0m] Started Set console scheme.
[[0;32m  OK  [0m] Created slice system-getty.slice.
[[0;32m  OK  [0m] Started Getty on tty1.
[[0;32m  OK  [0m] Reached target Login Prompts.
[[0;32m  OK  [0m] Started LSB: Record successful boot for GRUB.
[[0;32m  OK  [0m] Started Authorization Manager.
[[0;32m  OK  [0m] Started Accounts Service.
[[0;32m  OK  [0m] Started System Logging Service.
[[0;32m  OK  [0m] Started Virtualbox guest utils.
[[0;32m  OK  [0m] Started Dispatcher daemon for systemd-networkd.
[[0;32m  OK  [0m] Started LXD - container startup/shutdown.
[[0;32m  OK  [0m] Started Pollinate to seed the pseudo random number generator.
         Starting OpenBSD Secure Shell server...
[[0;32m  OK  [0m] Started OpenBSD Secure Shell server.
[[0;32m  OK  [0m] Started Snap Daemon.
         Starting Wait until snapd is fully seeded...
[[0;32m  OK  [0m] Created slice User Slice of vagrant.
         Starting User Manager for UID 1000...
[[0;32m  OK  [0m] Started Session 1 of user vagrant.
[[0;32m  OK  [0m] Started User Manager for UID 1000.
         Starting Time & Date Service...
[[0;32m  OK  [0m] Started Time & Date Service.

Ubuntu 18.04.6 LTS ubuntu-bionic ttyS0

ubuntu-bionic login: [   34.193926] cloud-init[1821]: Cloud-init v. 23.1.2-0ubuntu0~18.04.1 running 'modules:config' at Wed, 07 Aug 2024 14:08:46 +0000. Up 32.28 seconds.
ci-info: no authorized SSH keys fingerprints found for user ubuntu.
<14>Aug  7 14:08:48 cloud-init: #############################################################
<14>Aug  7 14:08:48 cloud-init: -----BEGIN SSH HOST KEY FINGERPRINTS-----
<14>Aug  7 14:08:48 cloud-init: 1024 SHA256:uHy8yHR5f0kzrEvrTVxZ9mqeiyuorHQpXwOo0YIjbUg root@ubuntu-bionic (DSA)
<14>Aug  7 14:08:48 cloud-init: 256 SHA256:/pBd2QtZkbF0HRU1iHbDzCQnbgYG3ExtaaS84GheqVM root@ubuntu-bionic (ECDSA)
<14>Aug  7 14:08:48 cloud-init: 256 SHA256:Rr92IpoEKx8QQQMgSii7BcL04rj7ixqVAa/uyk1JgdA root@ubuntu-bionic (ED25519)
<14>Aug  7 14:08:48 cloud-init: 2048 SHA256:Hwg4Dnj0haMCLFWWWFnw7rkTHG2TW0BL3bFAqUABP7c root@ubuntu-bionic (RSA)
<14>Aug  7 14:08:48 cloud-init: -----END SSH HOST KEY FINGERPRINTS-----
<14>Aug  7 14:08:48 cloud-init: #############################################################
-----BEGIN SSH HOST KEY KEYS-----
ecdsa-sha2-nistp256 AAAAE2VjZHNhLXNoYTItbmlzdHAyNTYAAAAIbmlzdHAyNTYAAABBBJCZLp0Iw+7QYvRUu3JPYF+r2bpr1/b/NuxouG1w+1kWbnpinlm+/bVz5hM+Vv5YD33onX/aJAUbW6DWdbPPwog= root@ubuntu-bionic
ssh-ed25519 AAAAC3NzaC1lZDI1NTE5AAAAIH++D0IR3VItCRJQUoiE6b51TtnZOu5MqffuWKhZu+m6 root@ubuntu-bionic
ssh-rsa AAAAB3NzaC1yc2EAAAADAQABAAABAQDeJFdUtCnuQ82+J704TlSN1/5KhaveLYiVvZ9XMKuybZBcp6V1hFCffj+mnqMrTE+42ul7pX5gbLiV7kHS3jS//0f3yztgvKpd9Xpq+qkNGejsKUQSqnkW/tBDfbzziBT1fgrQi9hUc61NeyGl80OhrFERtNSZhdC7w9eSIplcX0uvNM3iauKazIu8XcxzeB77OMGp1j6urObLcP/37obVPxRXIQZRCVw0bkbPBqXoS556ynz8j6fr/AdKNj39nuH8B+7hDhUSEWb3ijT6gNDgm2d2AJpJxlgeVyuiyOtL6cV1sEaIQU9bJLqnowI2bUwY2jbkgpzg1s8/dh9AetCN root@ubuntu-bionic
-----END SSH HOST KEY KEYS-----
[   35.021581] cloud-init[1928]: Cloud-init v. 23.1.2-0ubuntu0~18.04.1 running 'modules:final' at Wed, 07 Aug 2024 14:08:48 +0000. Up 34.73 seconds.
[   35.022589] cloud-init[1928]: Cloud-init v. 23.1.2-0ubuntu0~18.04.1 finished at Wed, 07 Aug 2024 14:08:48 +0000. Datasource DataSourceNoCloud [seed=/dev/sdb][dsmode=net].  Up 35.01 seconds
